1000_LA|Losangeles_daily_weather_report|Light Rain|100% chance of precipitation|80
1010_CA|California_Daily_Weather_Report|Cloudy|20% chan ces of precipitation|25
1020_NW|Newyork_Daily_Weather_Report|Clear Sky|No chances of precipitation|10
1050_NJ|NewJersy_Weather_Forecast_Report|T-storms|80% chance of precipitation|70
1000_MN|Minneapolis_daily_weather_report|Light Rain|100% chance of precipitation|80
1010_CH|Chicago_Daily_Weather_Report|Cloudy|30% chan ces of precipitation|37
1020_BO|Boston_Daily_Weather_Forecast_Report|Clear Sky|15% chances of precipitation|20
1030_SJ|Sanjose_Weather_Forecast_Report|T-storms|90% chance of precipitation|90
1000_LA|Losangeles_daily_weather_report|Light Rain|100% chance of precipitation|80
1010_TX|Texas_Daily_Weather_Report|Cloudy|40% chan ces of precipitation|55
1020_NW|Newyork_Daily_Weather_Report|Clear Sky|No chances of precipitation|10
1030_FD|Florida_Weather_Forecast_Report|T-storms|80% chance of precipitation|70
1000_VG|Virginia_daily_weather_report|Light Rain|100% chance of precipitation|90
1010_CA|California_Daily_Weather_Report|Cloudy|20% chan ces of precipitation|25
1020_NW|Newyork_Daily_Weather_Report|Clear Sky|No chances of precipitation|10
1030_AK|Alaska_Weather_Forecast_Report|T-storms|80% chance of precipitation|70
1000_LA|Losangeles_daily_weather_report|Light Rain|100% chance of precipitation|80
1010_CA|California_Daily_Weather_Report|Cloudy|20% chan ces of precipitation|25
1020_NW|Newyork_Daily_Weather_Report|Clear Sky|No chances of precipitation|10
1050_NJ|NewJersy_Weather_Forecast_Report|T-storms|80% chance of precipitation|70
1000_MN|Minneapolis_daily_weather_report|Light Rain|100% chance of precipitation|80
1010_CH|Chicago_Daily_Weather_Report|Cloudy|30% chan ces of precipitation|37
1020_BO|Boston_Daily_Weather_Forecast_Report|Clear Sky|15% chances of precipitation|20
1030_SJ|Sanjose_Weather_Forecast_Report|T-storms|90% chance of precipitation|90
1000_LA|Losangeles_daily_weather_report|Light Rain|100% chance of precipitation|80
1010_TX|Texas_Daily_Weather_Report|Cloudy|40% chan ces of precipitation|55
1020_NW|Newyork_Daily_Weather_Report|Clear Sky|No chances of precipitation|10
1030_FD|Florida_Weather_Forecast_Report|T-storms|80% chance of precipitation|70
1000_VG|Virginia_daily_weather_report|Light Rain|100% chance of precipitation|90
1010_CA|California_Daily_Weather_Report|Cloudy|20% chan ces of precipitation|25
1020_NW|Newyork_Daily_Weather_Report|Clear Sky|No chances of precipitation|10
1030_AK|Alaska_Weather_Forecast_Report|T-storms|80% chance of precipitation|70